<?xml version="1.0" encoding="UTF-8"?>
<!-- Generated by org.testng.reporters.JUnitXMLReporter -->
<testsuite hostname="swati3148078" ignored="0" name="Test" tests="12" failures="0" timestamp="17 Nov 2018 09:57:30 GMT" time="6.66" errors="0">
  <testcase name="verifyValidResponse" time="3.36" classname="testClasses.PlaceOrderTest"/>
  <testcase name="verifyDistance" time="0.388" classname="testClasses.PlaceOrderTest"/>
  <testcase name="verifyDistanceValuesCount" time="0.349" classname="testClasses.PlaceOrderTest"/>
  <testcase name="verifyInValidResponse" time="0.251" classname="testClasses.PlaceOrderTest"/>
  <testcase name="verifyInValidResponsePayload" time="0.203" classname="testClasses.PlaceOrderTest"/>
  <testcase name="verifyResponseWithInvalidPayload" time="0.226" classname="testClasses.PlaceOrderTest"/>
  <testcase name="VerifyBadRequest" time="0.204" classname="testClasses.PlaceOrderTest"/>
  <testcase name="VerifyBadRequestAttribute" time="0.316" classname="testClasses.PlaceOrderTest"/>
  <testcase name="verifyFareCurrency" time="0.469" classname="testClasses.PlaceOrderTest"/>
  <testcase name="verifyTripFare" time="0.276" classname="testClasses.PlaceOrderTest"/>
  <testcase name="verifyTripFare9to5" time="0.252" classname="testClasses.PlaceOrderTest"/>
  <testcase name="verifyValidResponseWithTime" time="0.247" classname="testClasses.PlaceOrderTest"/>
</testsuite> <!-- Test -->
