<?xml version="1.0" encoding="UTF-8"?>
<!-- Generated by org.testng.reporters.JUnitXMLReporter -->
<testsuite hostname="swati3148078" ignored="0" name="test5" tests="4" failures="0" timestamp="16 Nov 2018 10:23:05 GMT" time="2.293" errors="0">
  <testcase name="verifyValidResponse" time="0.632" classname="testClasses.CancelOrderTest"/>
  <testcase name="verifyInValidOrderResponse" time="0.399" classname="testClasses.CancelOrderTest"/>
  <testcase name="verifyInvalidFlowResponseMessageForCancelled" time="0.638" classname="testClasses.CancelOrderTest"/>
  <testcase name="verifyInvalidFlowResponseMessageForOngoing" time="0.611" classname="testClasses.CancelOrderTest"/>
</testsuite> <!-- test5 -->
