<?xml version="1.0" encoding="UTF-8"?>
<!-- Generated by org.testng.reporters.JUnitXMLReporter -->
<testsuite hostname="swati3148078" ignored="0" name="test5" tests="4" failures="0" timestamp="17 Nov 2018 09:57:35 GMT" time="1.993" errors="0">
  <testcase name="verifyValidResponse" time="0.53" classname="testClasses.CancelOrderTest"/>
  <testcase name="verifyInValidOrderResponse" time="0.359" classname="testClasses.CancelOrderTest"/>
  <testcase name="verifyInvalidFlowResponseMessageForCancelled" time="0.543" classname="testClasses.CancelOrderTest"/>
  <testcase name="verifyInvalidFlowResponseMessageForOngoing" time="0.544" classname="testClasses.CancelOrderTest"/>
</testsuite> <!-- test5 -->
