<?xml version="1.0" encoding="UTF-8"?>
<!-- Generated by org.testng.reporters.JUnitXMLReporter -->
<testsuite hostname="swati3148078" ignored="0" name="Test" tests="12" failures="0" timestamp="16 Nov 2018 10:22:59 GMT" time="5.847" errors="0">
  <testcase name="verifyValidResponse" time="2.47" classname="testClasses.PlaceOrderTest"/>
  <testcase name="verifyDistance" time="0.363" classname="testClasses.PlaceOrderTest"/>
  <testcase name="verifyDistanceValuesCount" time="0.354" classname="testClasses.PlaceOrderTest"/>
  <testcase name="verifyInValidResponse" time="0.348" classname="testClasses.PlaceOrderTest"/>
  <testcase name="verifyInValidResponsePayload" time="0.291" classname="testClasses.PlaceOrderTest"/>
  <testcase name="verifyResponseWithInvalidPayload" time="0.225" classname="testClasses.PlaceOrderTest"/>
  <testcase name="VerifyBadRequest" time="0.228" classname="testClasses.PlaceOrderTest"/>
  <testcase name="VerifyBadRequestAttribute" time="0.239" classname="testClasses.PlaceOrderTest"/>
  <testcase name="verifyFareCurrency" time="0.403" classname="testClasses.PlaceOrderTest"/>
  <testcase name="verifyTripFare" time="0.271" classname="testClasses.PlaceOrderTest"/>
  <testcase name="verifyTripFare9to5" time="0.286" classname="testClasses.PlaceOrderTest"/>
  <testcase name="verifyValidResponseWithTime" time="0.256" classname="testClasses.PlaceOrderTest"/>
</testsuite> <!-- Test -->
