<?xml version="1.0" encoding="UTF-8"?>
<!-- Generated by org.testng.reporters.JUnitXMLReporter -->
<testsuite hostname="swati3148078" ignored="0" name="test3" tests="4" failures="0" timestamp="16 Nov 2018 10:23:01 GMT" time="1.503" errors="0">
  <testcase name="verifyValidResponse" time="0.288" classname="testClasses.TakeOrderTest"/>
  <testcase name="verifyInValidOrderResponse" time="0.536" classname="testClasses.TakeOrderTest"/>
  <testcase name="verifyInvalidFlowResponse" time="0.444" classname="testClasses.TakeOrderTest"/>
  <testcase name="verifyInvalidFlowResponseMessage" time="0.217" classname="testClasses.TakeOrderTest"/>
</testsuite> <!-- test3 -->
