<?xml version="1.0" encoding="UTF-8"?>
<!-- Generated by org.testng.reporters.JUnitXMLReporter -->
<testsuite hostname="swati3148078" ignored="0" name="test3" tests="4" failures="0" timestamp="17 Nov 2018 09:57:31 GMT" time="1.241" errors="0">
  <testcase name="verifyValidResponse" time="0.208" classname="testClasses.TakeOrderTest"/>
  <testcase name="verifyInValidOrderResponse" time="0.412" classname="testClasses.TakeOrderTest"/>
  <testcase name="verifyInvalidFlowResponse" time="0.369" classname="testClasses.TakeOrderTest"/>
  <testcase name="verifyInvalidFlowResponseMessage" time="0.232" classname="testClasses.TakeOrderTest"/>
</testsuite> <!-- test3 -->
