<?xml version="1.0" encoding="UTF-8"?>
<!-- Generated by org.testng.reporters.JUnitXMLReporter -->
<testsuite hostname="swati3148078" ignored="0" name="test4" tests="6" failures="0" timestamp="16 Nov 2018 10:23:03 GMT" time="2.15" errors="0">
  <testcase name="verifyValidResponse" time="0.234" classname="testClasses.CompleteOrderTest"/>
  <testcase name="verifyInValidOrderResponse" time="0.43" classname="testClasses.CompleteOrderTest"/>
  <testcase name="verifyInvalidFlowResponse" time="0.407" classname="testClasses.CompleteOrderTest"/>
  <testcase name="verifyInvalidFlowResponseMessage" time="0.223" classname="testClasses.CompleteOrderTest"/>
  <testcase name="verifyInvalidFlowResponseMessageForCancelled" time="0.421" classname="testClasses.CompleteOrderTest"/>
  <testcase name="verifyInvalidFlowResponseMessageForOngoing" time="0.411" classname="testClasses.CompleteOrderTest"/>
</testsuite> <!-- test4 -->
