<?xml version="1.0" encoding="UTF-8"?>
<!-- Generated by org.testng.reporters.JUnitXMLReporter -->
<testsuite hostname="swati3148078" ignored="0" name="test4" tests="6" failures="0" timestamp="19 Nov 2018 05:12:48 GMT" time="2.028" errors="0">
  <testcase name="verifyValidResponse" time="0.21" classname="testClasses.CompleteOrderTest"/>
  <testcase name="verifyInValidOrderResponse" time="0.393" classname="testClasses.CompleteOrderTest"/>
  <testcase name="verifyInvalidFlowResponse" time="0.393" classname="testClasses.CompleteOrderTest"/>
  <testcase name="verifyInvalidFlowResponseMessage" time="0.193" classname="testClasses.CompleteOrderTest"/>
  <testcase name="verifyInvalidFlowResponseMessageForCancelled" time="0.455" classname="testClasses.CompleteOrderTest"/>
  <testcase name="verifyInvalidFlowResponseMessageForOngoing" time="0.373" classname="testClasses.CompleteOrderTest"/>
</testsuite> <!-- test4 -->
