<?xml version="1.0" encoding="UTF-8"?>
<!-- Generated by org.testng.reporters.JUnitXMLReporter -->
<testsuite hostname="swati3148078" ignored="0" name="test3" tests="4" failures="0" timestamp="19 Nov 2018 05:12:46 GMT" time="1.705" errors="0">
  <testcase name="verifyValidResponse" time="0.35" classname="testClasses.TakeOrderTest"/>
  <testcase name="verifyInValidOrderResponse" time="0.753" classname="testClasses.TakeOrderTest"/>
  <testcase name="verifyInvalidFlowResponse" time="0.405" classname="testClasses.TakeOrderTest"/>
  <testcase name="verifyInvalidFlowResponseMessage" time="0.197" classname="testClasses.TakeOrderTest"/>
</testsuite> <!-- test3 -->
