<?xml version="1.0" encoding="UTF-8"?>
<!-- Generated by org.testng.reporters.JUnitXMLReporter -->
<testsuite hostname="swati3148078" ignored="0" name="test4" tests="6" failures="0" timestamp="19 Nov 2018 07:29:01 GMT" time="1.96" errors="0">
  <testcase name="verifyValidResponse" time="0.205" classname="testClasses.CompleteOrderTest"/>
  <testcase name="verifyInValidOrderResponse" time="0.402" classname="testClasses.CompleteOrderTest"/>
  <testcase name="verifyInvalidFlowResponse" time="0.422" classname="testClasses.CompleteOrderTest"/>
  <testcase name="verifyInvalidFlowResponseMessage" time="0.195" classname="testClasses.CompleteOrderTest"/>
  <testcase name="verifyInvalidFlowResponseMessageForCancelled" time="0.37" classname="testClasses.CompleteOrderTest"/>
  <testcase name="verifyInvalidFlowResponseMessageForOngoing" time="0.357" classname="testClasses.CompleteOrderTest"/>
</testsuite> <!-- test4 -->
