<?xml version="1.0" encoding="UTF-8"?>
<!-- Generated by org.testng.reporters.JUnitXMLReporter -->
<testsuite hostname="swati3148078" ignored="0" name="test5" tests="4" failures="0" timestamp="19 Nov 2018 07:29:03 GMT" time="2.088" errors="0">
  <testcase name="verifyValidResponse" time="0.516" classname="testClasses.CancelOrderTest"/>
  <testcase name="verifyInValidOrderResponse" time="0.405" classname="testClasses.CancelOrderTest"/>
  <testcase name="verifyInvalidFlowResponseMessageForCancelled" time="0.605" classname="testClasses.CancelOrderTest"/>
  <testcase name="verifyInvalidFlowResponseMessageForOngoing" time="0.56" classname="testClasses.CancelOrderTest"/>
</testsuite> <!-- test5 -->
