<?xml version="1.0" encoding="UTF-8"?>
<testng-results skipped="0" failed="0" ignored="0" total="28" passed="28">
  <reporter-output>
  </reporter-output>
  <suite name="Suite" duration-ms="11571" started-at="2018-11-19T05:12:39Z" finished-at="2018-11-19T05:12:50Z">
    <groups>
    </groups>
    <test name="Test" duration-ms="5095" started-at="2018-11-19T05:12:39Z" finished-at="2018-11-19T05:12:44Z">
      <class name="testClasses.PlaceOrderTest">
        <test-method status="PASS" signature="verifyValidResponse()[pri:1, instance:testClasses.PlaceOrderTest@6cd8737]" name="verifyValidResponse" duration-ms="2081" started-at="2018-11-19T05:12:39Z" finished-at="2018-11-19T05:12:41Z">
          <reporter-output>
          </reporter-output>
        </test-method> <!-- verifyValidResponse -->
        <test-method status="PASS" signature="verifyDistance()[pri:2, instance:testClasses.PlaceOrderTest@6cd8737]" name="verifyDistance" duration-ms="370" started-at="2018-11-19T05:12:41Z" finished-at="2018-11-19T05:12:41Z">
          <reporter-output>
          </reporter-output>
        </test-method> <!-- verifyDistance -->
        <test-method status="PASS" signature="verifyDistanceValuesCount()[pri:2, instance:testClasses.PlaceOrderTest@6cd8737]" name="verifyDistanceValuesCount" duration-ms="343" started-at="2018-11-19T05:12:41Z" finished-at="2018-11-19T05:12:42Z">
          <reporter-output>
          </reporter-output>
        </test-method> <!-- verifyDistanceValuesCount -->
        <test-method status="PASS" signature="verifyInValidResponse()[pri:2, instance:testClasses.PlaceOrderTest@6cd8737]" name="verifyInValidResponse" duration-ms="290" started-at="2018-11-19T05:12:42Z" finished-at="2018-11-19T05:12:42Z">
          <reporter-output>
          </reporter-output>
        </test-method> <!-- verifyInValidResponse -->
        <test-method status="PASS" signature="verifyInValidResponsePayload()[pri:2, instance:testClasses.PlaceOrderTest@6cd8737]" name="verifyInValidResponsePayload" duration-ms="180" started-at="2018-11-19T05:12:42Z" finished-at="2018-11-19T05:12:42Z">
          <reporter-output>
          </reporter-output>
        </test-method> <!-- verifyInValidResponsePayload -->
        <test-method status="PASS" signature="verifyResponseWithInvalidPayload()[pri:2, instance:testClasses.PlaceOrderTest@6cd8737]" name="verifyResponseWithInvalidPayload" duration-ms="212" started-at="2018-11-19T05:12:42Z" finished-at="2018-11-19T05:12:42Z">
          <reporter-output>
          </reporter-output>
        </test-method> <!-- verifyResponseWithInvalidPayload -->
        <test-method status="PASS" signature="VerifyBadRequest()[pri:3, instance:testClasses.PlaceOrderTest@6cd8737]" name="VerifyBadRequest" duration-ms="195" started-at="2018-11-19T05:12:42Z" finished-at="2018-11-19T05:12:43Z">
          <reporter-output>
          </reporter-output>
        </test-method> <!-- VerifyBadRequest -->
        <test-method status="PASS" signature="VerifyBadRequestAttribute()[pri:3, instance:testClasses.PlaceOrderTest@6cd8737]" name="VerifyBadRequestAttribute" duration-ms="218" started-at="2018-11-19T05:12:43Z" finished-at="2018-11-19T05:12:43Z">
          <reporter-output>
          </reporter-output>
        </test-method> <!-- VerifyBadRequestAttribute -->
        <test-method status="PASS" signature="verifyFareCurrency()[pri:3, instance:testClasses.PlaceOrderTest@6cd8737]" name="verifyFareCurrency" duration-ms="337" started-at="2018-11-19T05:12:43Z" finished-at="2018-11-19T05:12:43Z">
          <reporter-output>
          </reporter-output>
        </test-method> <!-- verifyFareCurrency -->
        <test-method status="PASS" signature="verifyTripFare()[pri:3, instance:testClasses.PlaceOrderTest@6cd8737]" name="verifyTripFare" duration-ms="258" started-at="2018-11-19T05:12:43Z" finished-at="2018-11-19T05:12:43Z">
          <reporter-output>
          </reporter-output>
        </test-method> <!-- verifyTripFare -->
        <test-method status="PASS" signature="verifyTripFare9to5()[pri:3, instance:testClasses.PlaceOrderTest@6cd8737]" name="verifyTripFare9to5" duration-ms="260" started-at="2018-11-19T05:12:43Z" finished-at="2018-11-19T05:12:44Z">
          <reporter-output>
          </reporter-output>
        </test-method> <!-- verifyTripFare9to5 -->
        <test-method status="PASS" signature="verifyValidResponseWithTime()[pri:4, instance:testClasses.PlaceOrderTest@6cd8737]" name="verifyValidResponseWithTime" duration-ms="250" started-at="2018-11-19T05:12:44Z" finished-at="2018-11-19T05:12:44Z">
          <reporter-output>
          </reporter-output>
        </test-method> <!-- verifyValidResponseWithTime -->
      </class> <!-- testClasses.PlaceOrderTest -->
    </test> <!-- Test -->
    <test name="test1" duration-ms="548" started-at="2018-11-19T05:12:44Z" finished-at="2018-11-19T05:12:45Z">
      <class name="testClasses.FetchOrderTest">
        <test-method status="PASS" signature="getValidOrderResponse()[pri:1, instance:testClasses.FetchOrderTest@60addb54]" name="getValidOrderResponse" duration-ms="277" started-at="2018-11-19T05:12:44Z" finished-at="2018-11-19T05:12:44Z">
          <reporter-output>
          </reporter-output>
        </test-method> <!-- getValidOrderResponse -->
        <test-method status="PASS" signature="getInValidResponse()[pri:2, instance:testClasses.FetchOrderTest@60addb54]" name="getInValidResponse" duration-ms="265" started-at="2018-11-19T05:12:44Z" finished-at="2018-11-19T05:12:45Z">
          <reporter-output>
          </reporter-output>
        </test-method> <!-- getInValidResponse -->
      </class> <!-- testClasses.FetchOrderTest -->
    </test> <!-- test1 -->
    <test name="test3" duration-ms="1705" started-at="2018-11-19T05:12:45Z" finished-at="2018-11-19T05:12:46Z">
      <class name="testClasses.TakeOrderTest">
        <test-method status="PASS" signature="verifyValidResponse()[pri:1, instance:testClasses.TakeOrderTest@68837a77]" name="verifyValidResponse" duration-ms="350" started-at="2018-11-19T05:12:45Z" finished-at="2018-11-19T05:12:45Z">
          <reporter-output>
          </reporter-output>
        </test-method> <!-- verifyValidResponse -->
        <test-method status="PASS" signature="verifyInValidOrderResponse()[pri:2, instance:testClasses.TakeOrderTest@68837a77]" name="verifyInValidOrderResponse" duration-ms="753" started-at="2018-11-19T05:12:45Z" finished-at="2018-11-19T05:12:46Z">
          <reporter-output>
          </reporter-output>
        </test-method> <!-- verifyInValidOrderResponse -->
        <test-method status="PASS" signature="verifyInvalidFlowResponse()[pri:3, instance:testClasses.TakeOrderTest@68837a77]" name="verifyInvalidFlowResponse" duration-ms="405" started-at="2018-11-19T05:12:46Z" finished-at="2018-11-19T05:12:46Z">
          <reporter-output>
          </reporter-output>
        </test-method> <!-- verifyInvalidFlowResponse -->
        <test-method status="PASS" signature="verifyInvalidFlowResponseMessage()[pri:4, instance:testClasses.TakeOrderTest@68837a77]" name="verifyInvalidFlowResponseMessage" duration-ms="197" started-at="2018-11-19T05:12:46Z" finished-at="2018-11-19T05:12:46Z">
          <reporter-output>
          </reporter-output>
        </test-method> <!-- verifyInvalidFlowResponseMessage -->
      </class> <!-- testClasses.TakeOrderTest -->
    </test> <!-- test3 -->
    <test name="test4" duration-ms="2028" started-at="2018-11-19T05:12:46Z" finished-at="2018-11-19T05:12:48Z">
      <class name="testClasses.CompleteOrderTest">
        <test-method status="PASS" signature="verifyValidResponse()[pri:1, instance:testClasses.CompleteOrderTest@15975490]" name="verifyValidResponse" duration-ms="210" started-at="2018-11-19T05:12:46Z" finished-at="2018-11-19T05:12:47Z">
          <reporter-output>
          </reporter-output>
        </test-method> <!-- verifyValidResponse -->
        <test-method status="PASS" signature="verifyInValidOrderResponse()[pri:2, instance:testClasses.CompleteOrderTest@15975490]" name="verifyInValidOrderResponse" duration-ms="393" started-at="2018-11-19T05:12:47Z" finished-at="2018-11-19T05:12:47Z">
          <reporter-output>
          </reporter-output>
        </test-method> <!-- verifyInValidOrderResponse -->
        <test-method status="PASS" signature="verifyInvalidFlowResponse()[pri:3, instance:testClasses.CompleteOrderTest@15975490]" name="verifyInvalidFlowResponse" duration-ms="393" started-at="2018-11-19T05:12:47Z" finished-at="2018-11-19T05:12:47Z">
          <reporter-output>
          </reporter-output>
        </test-method> <!-- verifyInvalidFlowResponse -->
        <test-method status="PASS" signature="verifyInvalidFlowResponseMessage()[pri:3, instance:testClasses.CompleteOrderTest@15975490]" name="verifyInvalidFlowResponseMessage" duration-ms="193" started-at="2018-11-19T05:12:47Z" finished-at="2018-11-19T05:12:48Z">
          <reporter-output>
          </reporter-output>
        </test-method> <!-- verifyInvalidFlowResponseMessage -->
        <test-method status="PASS" signature="verifyInvalidFlowResponseMessageForCancelled()[pri:4, instance:testClasses.CompleteOrderTest@15975490]" name="verifyInvalidFlowResponseMessageForCancelled" duration-ms="455" started-at="2018-11-19T05:12:48Z" finished-at="2018-11-19T05:12:48Z">
          <reporter-output>
          </reporter-output>
        </test-method> <!-- verifyInvalidFlowResponseMessageForCancelled -->
        <test-method status="PASS" signature="verifyInvalidFlowResponseMessageForOngoing()[pri:4, instance:testClasses.CompleteOrderTest@15975490]" name="verifyInvalidFlowResponseMessageForOngoing" duration-ms="373" started-at="2018-11-19T05:12:48Z" finished-at="2018-11-19T05:12:48Z">
          <reporter-output>
          </reporter-output>
        </test-method> <!-- verifyInvalidFlowResponseMessageForOngoing -->
      </class> <!-- testClasses.CompleteOrderTest -->
    </test> <!-- test4 -->
    <test name="test5" duration-ms="2018" started-at="2018-11-19T05:12:48Z" finished-at="2018-11-19T05:12:50Z">
      <class name="testClasses.CancelOrderTest">
        <test-method status="PASS" signature="verifyValidResponse()[pri:1, instance:testClasses.CancelOrderTest@617c74e5]" name="verifyValidResponse" duration-ms="510" started-at="2018-11-19T05:12:48Z" finished-at="2018-11-19T05:12:49Z">
          <reporter-output>
          </reporter-output>
        </test-method> <!-- verifyValidResponse -->
        <test-method status="PASS" signature="verifyInValidOrderResponse()[pri:2, instance:testClasses.CancelOrderTest@617c74e5]" name="verifyInValidOrderResponse" duration-ms="370" started-at="2018-11-19T05:12:49Z" finished-at="2018-11-19T05:12:49Z">
          <reporter-output>
          </reporter-output>
        </test-method> <!-- verifyInValidOrderResponse -->
        <test-method status="PASS" signature="verifyInvalidFlowResponseMessageForCancelled()[pri:3, instance:testClasses.CancelOrderTest@617c74e5]" name="verifyInvalidFlowResponseMessageForCancelled" duration-ms="570" started-at="2018-11-19T05:12:49Z" finished-at="2018-11-19T05:12:50Z">
          <reporter-output>
          </reporter-output>
        </test-method> <!-- verifyInvalidFlowResponseMessageForCancelled -->
        <test-method status="PASS" signature="verifyInvalidFlowResponseMessageForOngoing()[pri:3, instance:testClasses.CancelOrderTest@617c74e5]" name="verifyInvalidFlowResponseMessageForOngoing" duration-ms="563" started-at="2018-11-19T05:12:50Z" finished-at="2018-11-19T05:12:50Z">
          <reporter-output>
          </reporter-output>
        </test-method> <!-- verifyInvalidFlowResponseMessageForOngoing -->
      </class> <!-- testClasses.CancelOrderTest -->
    </test> <!-- test5 -->
  </suite> <!-- Suite -->
</testng-results>
