<?xml version="1.0" encoding="UTF-8" ?>
<testsuite tests="28" failures="0" name="TestSuite" time="14.695" errors="0" skipped="0">
  <properties>
[...]
</properties>
  <testcase classname="testClasses.PlaceOrderTest" name="verifyValidResponse" time="4.746"/>
  <testcase classname="testClasses.PlaceOrderTest" name="verifyDistance" time="0.347"/>
  <testcase classname="testClasses.PlaceOrderTest" name="verifyDistanceValuesCount" time="0.326"/>
  <testcase classname="testClasses.PlaceOrderTest" name="verifyInValidResponse" time="0.222"/>
  <testcase classname="testClasses.PlaceOrderTest" name="verifyInValidResponsePayload" time="0.185"/>
  <testcase classname="testClasses.PlaceOrderTest" name="verifyResponseWithInvalidPayload" time="0.197"/>
  <testcase classname="testClasses.PlaceOrderTest" name="VerifyBadRequest" time="0.21"/>
  <testcase classname="testClasses.PlaceOrderTest" name="VerifyBadRequestAttribute" time="0.175"/>
  <testcase classname="testClasses.PlaceOrderTest" name="verifyFareCurrency" time="0.305"/>
  <testcase classname="testClasses.PlaceOrderTest" name="verifyTripFare" time="0.235"/>
  <testcase classname="testClasses.PlaceOrderTest" name="verifyTripFare9to5" time="0.222"/>
  <testcase classname="testClasses.PlaceOrderTest" name="verifyValidResponseWithTime" time="0.233"/>
  <testcase classname="testClasses.FetchOrderTest" name="getValidOrderResponse" time="0.18"/>
  <testcase classname="testClasses.FetchOrderTest" name="getInValidResponse" time="0.165"/>
  <testcase classname="testClasses.TakeOrderTest" name="verifyValidResponse" time="0.227"/>
  <testcase classname="testClasses.TakeOrderTest" name="verifyInValidOrderResponse" time="0.458"/>
  <testcase classname="testClasses.TakeOrderTest" name="verifyInvalidFlowResponse" time="0.368"/>
  <testcase classname="testClasses.TakeOrderTest" name="verifyInvalidFlowResponseMessage" time="0.223"/>
  <testcase classname="testClasses.CompleteOrderTest" name="verifyValidResponse" time="0.205"/>
  <testcase classname="testClasses.CompleteOrderTest" name="verifyInValidOrderResponse" time="0.402"/>
  <testcase classname="testClasses.CompleteOrderTest" name="verifyInvalidFlowResponse" time="0.422"/>
  <testcase classname="testClasses.CompleteOrderTest" name="verifyInvalidFlowResponseMessage" time="0.195"/>
  <testcase classname="testClasses.CompleteOrderTest" name="verifyInvalidFlowResponseMessageForCancelled" time="0.37"/>
  <testcase classname="testClasses.CompleteOrderTest" name="verifyInvalidFlowResponseMessageForOngoing" time="0.357"/>
  <testcase classname="testClasses.CancelOrderTest" name="verifyValidResponse" time="0.516"/>
  <testcase classname="testClasses.CancelOrderTest" name="verifyInValidOrderResponse" time="0.405"/>
  <testcase classname="testClasses.CancelOrderTest" name="verifyInvalidFlowResponseMessageForCancelled" time="0.605"/>
  <testcase classname="testClasses.CancelOrderTest" name="verifyInvalidFlowResponseMessageForOngoing" time="0.56"/>
</testsuite>