<?xml version="1.0" encoding="UTF-8"?>
<testng-results skipped="0" failed="0" ignored="0" total="28" passed="28">
  <reporter-output>
  </reporter-output>
  <suite name="Suite" duration-ms="12683" started-at="2018-11-16T10:22:52Z" finished-at="2018-11-16T10:23:05Z">
    <groups>
    </groups>
    <test name="Test" duration-ms="5847" started-at="2018-11-16T10:22:52Z" finished-at="2018-11-16T10:22:58Z">
      <class name="testClasses.PlaceOrderTest">
        <test-method status="PASS" signature="verifyValidResponse()[pri:1, instance:testClasses.PlaceOrderTest@5e3a8624]" name="verifyValidResponse" duration-ms="2470" started-at="2018-11-16T10:22:52Z" finished-at="2018-11-16T10:22:55Z">
          <reporter-output>
          </reporter-output>
        </test-method> <!-- verifyValidResponse -->
        <test-method status="PASS" signature="verifyDistance()[pri:2, instance:testClasses.PlaceOrderTest@5e3a8624]" name="verifyDistance" duration-ms="363" started-at="2018-11-16T10:22:55Z" finished-at="2018-11-16T10:22:55Z">
          <reporter-output>
          </reporter-output>
        </test-method> <!-- verifyDistance -->
        <test-method status="PASS" signature="verifyDistanceValuesCount()[pri:2, instance:testClasses.PlaceOrderTest@5e3a8624]" name="verifyDistanceValuesCount" duration-ms="354" started-at="2018-11-16T10:22:55Z" finished-at="2018-11-16T10:22:56Z">
          <reporter-output>
          </reporter-output>
        </test-method> <!-- verifyDistanceValuesCount -->
        <test-method status="PASS" signature="verifyInValidResponse()[pri:2, instance:testClasses.PlaceOrderTest@5e3a8624]" name="verifyInValidResponse" duration-ms="348" started-at="2018-11-16T10:22:56Z" finished-at="2018-11-16T10:22:56Z">
          <reporter-output>
          </reporter-output>
        </test-method> <!-- verifyInValidResponse -->
        <test-method status="PASS" signature="verifyInValidResponsePayload()[pri:2, instance:testClasses.PlaceOrderTest@5e3a8624]" name="verifyInValidResponsePayload" duration-ms="291" started-at="2018-11-16T10:22:56Z" finished-at="2018-11-16T10:22:56Z">
          <reporter-output>
          </reporter-output>
        </test-method> <!-- verifyInValidResponsePayload -->
        <test-method status="PASS" signature="verifyResponseWithInvalidPayload()[pri:2, instance:testClasses.PlaceOrderTest@5e3a8624]" name="verifyResponseWithInvalidPayload" duration-ms="225" started-at="2018-11-16T10:22:56Z" finished-at="2018-11-16T10:22:56Z">
          <reporter-output>
          </reporter-output>
        </test-method> <!-- verifyResponseWithInvalidPayload -->
        <test-method status="PASS" signature="VerifyBadRequest()[pri:3, instance:testClasses.PlaceOrderTest@5e3a8624]" name="VerifyBadRequest" duration-ms="228" started-at="2018-11-16T10:22:56Z" finished-at="2018-11-16T10:22:57Z">
          <reporter-output>
          </reporter-output>
        </test-method> <!-- VerifyBadRequest -->
        <test-method status="PASS" signature="VerifyBadRequestAttribute()[pri:3, instance:testClasses.PlaceOrderTest@5e3a8624]" name="VerifyBadRequestAttribute" duration-ms="239" started-at="2018-11-16T10:22:57Z" finished-at="2018-11-16T10:22:57Z">
          <reporter-output>
          </reporter-output>
        </test-method> <!-- VerifyBadRequestAttribute -->
        <test-method status="PASS" signature="verifyFareCurrency()[pri:3, instance:testClasses.PlaceOrderTest@5e3a8624]" name="verifyFareCurrency" duration-ms="403" started-at="2018-11-16T10:22:57Z" finished-at="2018-11-16T10:22:57Z">
          <reporter-output>
          </reporter-output>
        </test-method> <!-- verifyFareCurrency -->
        <test-method status="PASS" signature="verifyTripFare()[pri:3, instance:testClasses.PlaceOrderTest@5e3a8624]" name="verifyTripFare" duration-ms="271" started-at="2018-11-16T10:22:57Z" finished-at="2018-11-16T10:22:58Z">
          <reporter-output>
          </reporter-output>
        </test-method> <!-- verifyTripFare -->
        <test-method status="PASS" signature="verifyTripFare9to5()[pri:3, instance:testClasses.PlaceOrderTest@5e3a8624]" name="verifyTripFare9to5" duration-ms="286" started-at="2018-11-16T10:22:58Z" finished-at="2018-11-16T10:22:58Z">
          <reporter-output>
          </reporter-output>
        </test-method> <!-- verifyTripFare9to5 -->
        <test-method status="PASS" signature="verifyValidResponseWithTime()[pri:4, instance:testClasses.PlaceOrderTest@5e3a8624]" name="verifyValidResponseWithTime" duration-ms="256" started-at="2018-11-16T10:22:58Z" finished-at="2018-11-16T10:22:58Z">
          <reporter-output>
          </reporter-output>
        </test-method> <!-- verifyValidResponseWithTime -->
      </class> <!-- testClasses.PlaceOrderTest -->
    </test> <!-- Test -->
    <test name="test1" duration-ms="463" started-at="2018-11-16T10:22:59Z" finished-at="2018-11-16T10:22:59Z">
      <class name="testClasses.FetchOrderTest">
        <test-method status="PASS" signature="getValidOrderResponse()[pri:1, instance:testClasses.FetchOrderTest@42dafa95]" name="getValidOrderResponse" duration-ms="231" started-at="2018-11-16T10:22:59Z" finished-at="2018-11-16T10:22:59Z">
          <reporter-output>
          </reporter-output>
        </test-method> <!-- getValidOrderResponse -->
        <test-method status="PASS" signature="getInValidResponse()[pri:2, instance:testClasses.FetchOrderTest@42dafa95]" name="getInValidResponse" duration-ms="224" started-at="2018-11-16T10:22:59Z" finished-at="2018-11-16T10:22:59Z">
          <reporter-output>
          </reporter-output>
        </test-method> <!-- getInValidResponse -->
      </class> <!-- testClasses.FetchOrderTest -->
    </test> <!-- test1 -->
    <test name="test3" duration-ms="1503" started-at="2018-11-16T10:22:59Z" finished-at="2018-11-16T10:23:01Z">
      <class name="testClasses.TakeOrderTest">
        <test-method status="PASS" signature="verifyValidResponse()[pri:1, instance:testClasses.TakeOrderTest@7085bdee]" name="verifyValidResponse" duration-ms="288" started-at="2018-11-16T10:22:59Z" finished-at="2018-11-16T10:22:59Z">
          <reporter-output>
          </reporter-output>
        </test-method> <!-- verifyValidResponse -->
        <test-method status="PASS" signature="verifyInValidOrderResponse()[pri:2, instance:testClasses.TakeOrderTest@7085bdee]" name="verifyInValidOrderResponse" duration-ms="536" started-at="2018-11-16T10:22:59Z" finished-at="2018-11-16T10:23:00Z">
          <reporter-output>
          </reporter-output>
        </test-method> <!-- verifyInValidOrderResponse -->
        <test-method status="PASS" signature="verifyInvalidFlowResponse()[pri:3, instance:testClasses.TakeOrderTest@7085bdee]" name="verifyInvalidFlowResponse" duration-ms="444" started-at="2018-11-16T10:23:00Z" finished-at="2018-11-16T10:23:00Z">
          <reporter-output>
          </reporter-output>
        </test-method> <!-- verifyInvalidFlowResponse -->
        <test-method status="PASS" signature="verifyInvalidFlowResponseMessage()[pri:4, instance:testClasses.TakeOrderTest@7085bdee]" name="verifyInvalidFlowResponseMessage" duration-ms="217" started-at="2018-11-16T10:23:00Z" finished-at="2018-11-16T10:23:01Z">
          <reporter-output>
          </reporter-output>
        </test-method> <!-- verifyInvalidFlowResponseMessage -->
      </class> <!-- testClasses.TakeOrderTest -->
    </test> <!-- test3 -->
    <test name="test4" duration-ms="2150" started-at="2018-11-16T10:23:01Z" finished-at="2018-11-16T10:23:03Z">
      <class name="testClasses.CompleteOrderTest">
        <test-method status="PASS" signature="verifyValidResponse()[pri:1, instance:testClasses.CompleteOrderTest@3f49dace]" name="verifyValidResponse" duration-ms="234" started-at="2018-11-16T10:23:01Z" finished-at="2018-11-16T10:23:01Z">
          <reporter-output>
          </reporter-output>
        </test-method> <!-- verifyValidResponse -->
        <test-method status="PASS" signature="verifyInValidOrderResponse()[pri:2, instance:testClasses.CompleteOrderTest@3f49dace]" name="verifyInValidOrderResponse" duration-ms="430" started-at="2018-11-16T10:23:01Z" finished-at="2018-11-16T10:23:01Z">
          <reporter-output>
          </reporter-output>
        </test-method> <!-- verifyInValidOrderResponse -->
        <test-method status="PASS" signature="verifyInvalidFlowResponse()[pri:3, instance:testClasses.CompleteOrderTest@3f49dace]" name="verifyInvalidFlowResponse" duration-ms="407" started-at="2018-11-16T10:23:01Z" finished-at="2018-11-16T10:23:02Z">
          <reporter-output>
          </reporter-output>
        </test-method> <!-- verifyInvalidFlowResponse -->
        <test-method status="PASS" signature="verifyInvalidFlowResponseMessage()[pri:3, instance:testClasses.CompleteOrderTest@3f49dace]" name="verifyInvalidFlowResponseMessage" duration-ms="223" started-at="2018-11-16T10:23:02Z" finished-at="2018-11-16T10:23:02Z">
          <reporter-output>
          </reporter-output>
        </test-method> <!-- verifyInvalidFlowResponseMessage -->
        <test-method status="PASS" signature="verifyInvalidFlowResponseMessageForCancelled()[pri:4, instance:testClasses.CompleteOrderTest@3f49dace]" name="verifyInvalidFlowResponseMessageForCancelled" duration-ms="421" started-at="2018-11-16T10:23:02Z" finished-at="2018-11-16T10:23:02Z">
          <reporter-output>
          </reporter-output>
        </test-method> <!-- verifyInvalidFlowResponseMessageForCancelled -->
        <test-method status="PASS" signature="verifyInvalidFlowResponseMessageForOngoing()[pri:4, instance:testClasses.CompleteOrderTest@3f49dace]" name="verifyInvalidFlowResponseMessageForOngoing" duration-ms="411" started-at="2018-11-16T10:23:02Z" finished-at="2018-11-16T10:23:03Z">
          <reporter-output>
          </reporter-output>
        </test-method> <!-- verifyInvalidFlowResponseMessageForOngoing -->
      </class> <!-- testClasses.CompleteOrderTest -->
    </test> <!-- test4 -->
    <test name="test5" duration-ms="2293" started-at="2018-11-16T10:23:03Z" finished-at="2018-11-16T10:23:05Z">
      <class name="testClasses.CancelOrderTest">
        <test-method status="PASS" signature="verifyValidResponse()[pri:1, instance:testClasses.CancelOrderTest@6e1567f1]" name="verifyValidResponse" duration-ms="632" started-at="2018-11-16T10:23:03Z" finished-at="2018-11-16T10:23:03Z">
          <reporter-output>
          </reporter-output>
        </test-method> <!-- verifyValidResponse -->
        <test-method status="PASS" signature="verifyInValidOrderResponse()[pri:2, instance:testClasses.CancelOrderTest@6e1567f1]" name="verifyInValidOrderResponse" duration-ms="399" started-at="2018-11-16T10:23:03Z" finished-at="2018-11-16T10:23:04Z">
          <reporter-output>
          </reporter-output>
        </test-method> <!-- verifyInValidOrderResponse -->
        <test-method status="PASS" signature="verifyInvalidFlowResponseMessageForCancelled()[pri:3, instance:testClasses.CancelOrderTest@6e1567f1]" name="verifyInvalidFlowResponseMessageForCancelled" duration-ms="638" started-at="2018-11-16T10:23:04Z" finished-at="2018-11-16T10:23:04Z">
          <reporter-output>
          </reporter-output>
        </test-method> <!-- verifyInvalidFlowResponseMessageForCancelled -->
        <test-method status="PASS" signature="verifyInvalidFlowResponseMessageForOngoing()[pri:3, instance:testClasses.CancelOrderTest@6e1567f1]" name="verifyInvalidFlowResponseMessageForOngoing" duration-ms="611" started-at="2018-11-16T10:23:04Z" finished-at="2018-11-16T10:23:05Z">
          <reporter-output>
          </reporter-output>
        </test-method> <!-- verifyInvalidFlowResponseMessageForOngoing -->
      </class> <!-- testClasses.CancelOrderTest -->
    </test> <!-- test5 -->
  </suite> <!-- Suite -->
</testng-results>
