<?xml version="1.0" encoding="UTF-8"?>
<testng-results skipped="0" failed="0" ignored="0" total="12" passed="12">
  <reporter-output>
  </reporter-output>
  <suite name="Default suite" duration-ms="5913" started-at="2018-11-19T05:09:50Z" finished-at="2018-11-19T05:09:56Z">
    <groups>
    </groups>
    <test name="Default test" duration-ms="5913" started-at="2018-11-19T05:09:50Z" finished-at="2018-11-19T05:09:56Z">
      <class name="testClasses.PlaceOrderTest">
        <test-method status="PASS" signature="verifyValidResponse()[pri:1, instance:testClasses.PlaceOrderTest@3ffc5af1]" name="verifyValidResponse" duration-ms="2641" started-at="2018-11-19T05:09:50Z" finished-at="2018-11-19T05:09:53Z">
          <reporter-output>
          </reporter-output>
        </test-method> <!-- verifyValidResponse -->
        <test-method status="PASS" signature="verifyDistance()[pri:2, instance:testClasses.PlaceOrderTest@3ffc5af1]" name="verifyDistance" duration-ms="367" started-at="2018-11-19T05:09:53Z" finished-at="2018-11-19T05:09:53Z">
          <reporter-output>
          </reporter-output>
        </test-method> <!-- verifyDistance -->
        <test-method status="PASS" signature="verifyDistanceValuesCount()[pri:2, instance:testClasses.PlaceOrderTest@3ffc5af1]" name="verifyDistanceValuesCount" duration-ms="340" started-at="2018-11-19T05:09:53Z" finished-at="2018-11-19T05:09:53Z">
          <reporter-output>
          </reporter-output>
        </test-method> <!-- verifyDistanceValuesCount -->
        <test-method status="PASS" signature="verifyInValidResponse()[pri:2, instance:testClasses.PlaceOrderTest@3ffc5af1]" name="verifyInValidResponse" duration-ms="250" started-at="2018-11-19T05:09:53Z" finished-at="2018-11-19T05:09:54Z">
          <reporter-output>
          </reporter-output>
        </test-method> <!-- verifyInValidResponse -->
        <test-method status="PASS" signature="verifyInValidResponsePayload()[pri:2, instance:testClasses.PlaceOrderTest@3ffc5af1]" name="verifyInValidResponsePayload" duration-ms="257" started-at="2018-11-19T05:09:54Z" finished-at="2018-11-19T05:09:54Z">
          <reporter-output>
          </reporter-output>
        </test-method> <!-- verifyInValidResponsePayload -->
        <test-method status="PASS" signature="verifyResponseWithInvalidPayload()[pri:2, instance:testClasses.PlaceOrderTest@3ffc5af1]" name="verifyResponseWithInvalidPayload" duration-ms="270" started-at="2018-11-19T05:09:54Z" finished-at="2018-11-19T05:09:54Z">
          <reporter-output>
          </reporter-output>
        </test-method> <!-- verifyResponseWithInvalidPayload -->
        <test-method status="PASS" signature="VerifyBadRequest()[pri:3, instance:testClasses.PlaceOrderTest@3ffc5af1]" name="VerifyBadRequest" duration-ms="232" started-at="2018-11-19T05:09:54Z" finished-at="2018-11-19T05:09:54Z">
          <reporter-output>
          </reporter-output>
        </test-method> <!-- VerifyBadRequest -->
        <test-method status="PASS" signature="VerifyBadRequestAttribute()[pri:3, instance:testClasses.PlaceOrderTest@3ffc5af1]" name="VerifyBadRequestAttribute" duration-ms="217" started-at="2018-11-19T05:09:54Z" finished-at="2018-11-19T05:09:55Z">
          <reporter-output>
          </reporter-output>
        </test-method> <!-- VerifyBadRequestAttribute -->
        <test-method status="PASS" signature="verifyFareCurrency()[pri:3, instance:testClasses.PlaceOrderTest@3ffc5af1]" name="verifyFareCurrency" duration-ms="325" started-at="2018-11-19T05:09:55Z" finished-at="2018-11-19T05:09:55Z">
          <reporter-output>
          </reporter-output>
        </test-method> <!-- verifyFareCurrency -->
        <test-method status="PASS" signature="verifyTripFare()[pri:3, instance:testClasses.PlaceOrderTest@3ffc5af1]" name="verifyTripFare" duration-ms="368" started-at="2018-11-19T05:09:55Z" finished-at="2018-11-19T05:09:55Z">
          <reporter-output>
          </reporter-output>
        </test-method> <!-- verifyTripFare -->
        <test-method status="PASS" signature="verifyTripFare9to5()[pri:3, instance:testClasses.PlaceOrderTest@3ffc5af1]" name="verifyTripFare9to5" duration-ms="273" started-at="2018-11-19T05:09:55Z" finished-at="2018-11-19T05:09:56Z">
          <reporter-output>
          </reporter-output>
        </test-method> <!-- verifyTripFare9to5 -->
        <test-method status="PASS" signature="verifyValidResponseWithTime()[pri:4, instance:testClasses.PlaceOrderTest@3ffc5af1]" name="verifyValidResponseWithTime" duration-ms="252" started-at="2018-11-19T05:09:56Z" finished-at="2018-11-19T05:09:56Z">
          <reporter-output>
          </reporter-output>
        </test-method> <!-- verifyValidResponseWithTime -->
      </class> <!-- testClasses.PlaceOrderTest -->
    </test> <!-- Default test -->
  </suite> <!-- Default suite -->
</testng-results>
